# JRE version: OpenJDK Runtime Environment Microsoft-13106404 (21.0.10+7) (build 21.0.10+7-LTS)
# Java VM: OpenJDK 64-Bit Server VM Microsoft-13106404 (21.0.10+7-LTS, mixed mode, sharing, tiered, compressed oops, compressed class ptrs, g1 gc, windows-amd64)
GC Precious Log:
 CardTable entry size: 512
 Card Set container configuration: InlinePtr #cards 4 size 8 Array Of Cards #cards 16 size 48 Howl #buckets 8 coarsen threshold 3686 Howl Bitmap #cards 512 size 80 coarsen threshold 460 Card regions per heap region 1 cards per card region 4096
 CPUs: 16 total, 16 available
 Memory: 14188M
 Large Page Support: Disabled
 NUMA Support: Disabled
 Compressed Oops: Enabled (Zero based)
 Heap Region Size: 2M
 Heap Min Capacity: 8M
 Heap Initial Capacity: 222M
 Heap Max Capacity: 3548M
 Pre-touch: Disabled
 Parallel Workers: 13
 Concurrent Workers: 3
 Concurrent Refinement Workers: 13
 Periodic GC: Disabled
Heap:
 garbage-first heap   total 116736K, used 64893K [0x0000000722400000, 0x0000000800000000)
  region size 2048K, 20 young (40960K), 5 survivors (10240K)
 Metaspace       used 65698K, committed 66496K, reserved 1114112K
  class space    used 8302K, committed 8704K, reserved 1048576K
GC Heap History (20 events):
Event: 3.228 GC heap before
{Heap before GC invocations=5 (full 0):
 garbage-first heap   total 43008K, used 28630K [0x0000000722400000, 0x0000000800000000)
  region size 2048K, 12 young (24576K), 4 survivors (8192K)
 Metaspace       used 26825K, committed 27072K, reserved 1114112K
  class space    used 3133K, committed 3264K, reserved 1048576K
}
Event: 3.232 GC heap after
{Heap after GC invocations=6 (full 0):
 garbage-first heap   total 43008K, used 13199K [0x0000000722400000, 0x0000000800000000)
  region size 2048K, 1 young (2048K), 1 survivors (2048K)
 Metaspace       used 26825K, committed 27072K, reserved 1114112K
  class space    used 3133K, committed 3264K, reserved 1048576K
}
Event: 3.570 GC heap before
{Heap before GC invocations=6 (full 0):
 garbage-first heap   total 43008K, used 31631K [0x0000000722400000, 0x0000000800000000)
  region size 2048K, 10 young (20480K), 1 survivors (2048K)
 Metaspace       used 27578K, committed 27968K, reserved 1114112K
  class space    used 3238K, committed 3392K, reserved 1048576K
}
Event: 3.572 GC heap after
{Heap after GC invocations=7 (full 0):
 garbage-first heap   total 43008K, used 14193K [0x0000000722400000, 0x0000000800000000)
  region size 2048K, 2 young (4096K), 2 survivors (4096K)
 Metaspace       used 27578K, committed 27968K, reserved 1114112K
  class space    used 3238K, committed 3392K, reserved 1048576K
}
Event: 3.902 GC heap before
{Heap before GC invocations=7 (full 0):
 garbage-first heap   total 43008K, used 32625K [0x0000000722400000, 0x0000000800000000)
  region size 2048K, 11 young (22528K), 2 survivors (4096K)
 Metaspace       used 29676K, committed 30016K, reserved 1114112K
  class space    used 3515K, committed 3648K, reserved 1048576K
}
Event: 3.905 GC heap after
{Heap after GC invocations=8 (full 0):
 garbage-first heap   total 43008K, used 15609K [0x0000000722400000, 0x0000000800000000)
  region size 2048K, 2 young (4096K), 2 survivors (4096K)
 Metaspace       used 29676K, committed 30016K, reserved 1114112K
  class space    used 3515K, committed 3648K, reserved 1048576K
}
Event: 4.238 GC heap before
{Heap before GC invocations=8 (full 0):
 garbage-first heap   total 43008K, used 31993K [0x0000000722400000, 0x0000000800000000)
  region size 2048K, 11 young (22528K), 2 survivors (4096K)
 Metaspace       used 31374K, committed 31744K, reserved 1114112K
  class space    used 3757K, committed 3904K, reserved 1048576K
}
Event: 4.240 GC heap after
{Heap after GC invocations=9 (full 0):
 garbage-first heap   total 43008K, used 16731K [0x0000000722400000, 0x0000000800000000)
  region size 2048K, 2 young (4096K), 2 survivors (4096K)
 Metaspace       used 31374K, committed 31744K, reserved 1114112K
  class space    used 3757K, committed 3904K, reserved 1048576K
}
Event: 4.651 GC heap before
{Heap before GC invocations=9 (full 0):
 garbage-first heap   total 43008K, used 35163K [0x0000000722400000, 0x0000000800000000)
  region size 2048K, 11 young (22528K), 2 survivors (4096K)
 Metaspace       used 35228K, committed 35648K, reserved 1114112K
  class space    used 4310K, committed 4480K, reserved 1048576K
}
Event: 4.654 GC heap after
{Heap after GC invocations=10 (full 0):
 garbage-first heap   total 43008K, used 18563K [0x0000000722400000, 0x0000000800000000)
  region size 2048K, 2 young (4096K), 2 survivors (4096K)
 Metaspace       used 35228K, committed 35648K, reserved 1114112K
  class space    used 4310K, committed 4480K, reserved 1048576K
}
Event: 4.725 GC heap before
{Heap before GC invocations=10 (full 0):
 garbage-first heap   total 43008K, used 20611K [0x0000000722400000, 0x0000000800000000)
  region size 2048K, 4 young (8192K), 2 survivors (4096K)
 Metaspace       used 35722K, committed 36096K, reserved 1114112K
  class space    used 4394K, committed 4544K, reserved 1048576K
}
Event: 4.726 GC heap after
{Heap after GC invocations=11 (full 0):
 garbage-first heap   total 43008K, used 18846K [0x0000000722400000, 0x0000000800000000)
  region size 2048K, 2 young (4096K), 2 survivors (4096K)
 Metaspace       used 35722K, committed 36096K, reserved 1114112K
  class space    used 4394K, committed 4544K, reserved 1048576K
}
Event: 4.977 GC heap before
{Heap before GC invocations=12 (full 0):
 garbage-first heap   total 43008K, used 33182K [0x0000000722400000, 0x0000000800000000)
  region size 2048K, 9 young (18432K), 2 survivors (4096K)
 Metaspace       used 38197K, committed 38720K, reserved 1114112K
  class space    used 4728K, committed 4928K, reserved 1048576K
}
Event: 4.980 GC heap after
{Heap after GC invocations=13 (full 0):
 garbage-first heap   total 135168K, used 20334K [0x0000000722400000, 0x0000000800000000)
  region size 2048K, 1 young (2048K), 1 survivors (2048K)
 Metaspace       used 38197K, committed 38720K, reserved 1114112K
  class space    used 4728K, committed 4928K, reserved 1048576K
}
Event: 6.446 GC heap before
{Heap before GC invocations=13 (full 0):
 garbage-first heap   total 135168K, used 98158K [0x0000000722400000, 0x0000000800000000)
  region size 2048K, 39 young (79872K), 1 survivors (2048K)
 Metaspace       used 49874K, committed 50560K, reserved 1114112K
  class space    used 6291K, committed 6592K, reserved 1048576K
}
Event: 6.453 GC heap after
{Heap after GC invocations=14 (full 0):
 garbage-first heap   total 135168K, used 27734K [0x0000000722400000, 0x0000000800000000)
  region size 2048K, 5 young (10240K), 5 survivors (10240K)
 Metaspace       used 49874K, committed 50560K, reserved 1114112K
  class space    used 6291K, committed 6592K, reserved 1048576K
}
Event: 33.684 GC heap before
{Heap before GC invocations=14 (full 0):
 garbage-first heap   total 135168K, used 85078K [0x0000000722400000, 0x0000000800000000)
  region size 2048K, 35 young (71680K), 5 survivors (10240K)
 Metaspace       used 59662K, committed 60416K, reserved 1114112K
  class space    used 7637K, committed 8000K, reserved 1048576K
}
Event: 33.692 GC heap after
{Heap after GC invocations=15 (full 0):
 garbage-first heap   total 135168K, used 32497K [0x0000000722400000, 0x0000000800000000)
  region size 2048K, 3 young (6144K), 3 survivors (6144K)
 Metaspace       used 59662K, committed 60416K, reserved 1114112K
  class space    used 7637K, committed 8000K, reserved 1048576K
}
Event: 629.899 GC heap before
{Heap before GC invocations=16 (full 0):
 garbage-first heap   total 116736K, used 93937K [0x0000000722400000, 0x0000000800000000)
  region size 2048K, 34 young (69632K), 3 survivors (6144K)
 Metaspace       used 63947K, committed 64768K, reserved 1114112K
  class space    used 8063K, committed 8448K, reserved 1048576K
}
Event: 629.915 GC heap after
{Heap after GC invocations=17 (full 0):
 garbage-first heap   total 116736K, used 38269K [0x0000000722400000, 0x0000000800000000)
  region size 2048K, 5 young (10240K), 5 survivors (10240K)
 Metaspace       used 63947K, committed 64768K, reserved 1114112K
  class space    used 8063K, committed 8448K, reserved 1048576K
}

